<?xml version="1.0" encoding="UTF-8"?>
<!-- Generated by org.testng.reporters.JUnitXMLReporter -->
<testsuite ignored="1" hostname="LAPTOP-67JBRTJA" failures="0" tests="3" name="Test" time="0.078" errors="0" timestamp="2025-05-05T09:13:46 IST">
  <testcase classname="Build_BO1_LoginPage.TestCase1_Test" name="signUP_Test" time="0.007"/>
  <testcase classname="Build_BO3_Hompage.TestCase2_Test" name="Hompage_Test" time="0.001"/>
  <testcase classname="Build_BO3_Hompage.TestCase2_Test" name="Logout_Test" time="0.002"/>
  <testcase classname="Build_BO1_LoginPage.TestCase1_Test" name="login_Test" time="0.0">
    <ignored/>
  </testcase> <!-- login_Test -->
</testsuite> <!-- Test -->
