<?xml version="1.0" encoding="UTF-8"?>
<testng-results ignored="0" total="6" passed="6" failed="0" skipped="0">
  <reporter-output>
  </reporter-output>
  <suite started-at="2025-05-06T09:00:56 IST" name="Default suite" finished-at="2025-05-06T09:00:56 IST" duration-ms="110">
    <groups>
    </groups>
    <test started-at="2025-05-06T09:00:56 IST" name="Default test" finished-at="2025-05-06T09:00:56 IST" duration-ms="110">
      <class name="Parameterization.DataProvider_Test">
        <test-method signature="Tester(java.lang.String,java.lang.String)[pri:0, instance:Parameterization.DataProvider_Test@543295b0]" started-at="2025-05-06T09:00:56 IST" name="Tester" data-provider="demo" finished-at="2025-05-06T09:00:56 IST" duration-ms="9" status="PASS">
          <params>
            <param index="0">
              <value>
                <![CDATA[username]]>
              </value>
            </param>
            <param index="1">
              <value>
                <![CDATA[Password]]>
              </value>
            </param>
          </params>
          <reporter-output>
          </reporter-output>
        </test-method> <!-- Tester -->
        <test-method signature="Tester(java.lang.String,java.lang.String)[pri:0, instance:Parameterization.DataProvider_Test@543295b0]" started-at="2025-05-06T09:00:56 IST" name="Tester" data-provider="demo" finished-at="2025-05-06T09:00:56 IST" duration-ms="2" status="PASS">
          <params>
            <param index="0">
              <value>
                <![CDATA[Admin]]>
              </value>
            </param>
            <param index="1">
              <value>
                <![CDATA[admin123]]>
              </value>
            </param>
          </params>
          <reporter-output>
          </reporter-output>
        </test-method> <!-- Tester -->
        <test-method signature="Tester(java.lang.String,java.lang.String)[pri:0, instance:Parameterization.DataProvider_Test@543295b0]" started-at="2025-05-06T09:00:56 IST" name="Tester" data-provider="demo" finished-at="2025-05-06T09:00:56 IST" duration-ms="1" status="PASS">
          <params>
            <param index="0">
              <value>
                <![CDATA[Hemanth]]>
              </value>
            </param>
            <param index="1">
              <value>
                <![CDATA[SdetTrainer]]>
              </value>
            </param>
          </params>
          <reporter-output>
          </reporter-output>
        </test-method> <!-- Tester -->
        <test-method signature="Tester2(java.lang.String,java.lang.String)[pri:0, instance:Parameterization.DataProvider_Test@543295b0]" started-at="2025-05-06T09:00:56 IST" name="Tester2" data-provider="demo2" finished-at="2025-05-06T09:00:56 IST" duration-ms="2" status="PASS">
          <params>
            <param index="0">
              <value>
                <![CDATA[username]]>
              </value>
            </param>
            <param index="1">
              <value>
                <![CDATA[Password]]>
              </value>
            </param>
          </params>
          <reporter-output>
          </reporter-output>
        </test-method> <!-- Tester2 -->
        <test-method signature="Tester2(java.lang.String,java.lang.String)[pri:0, instance:Parameterization.DataProvider_Test@543295b0]" started-at="2025-05-06T09:00:56 IST" name="Tester2" data-provider="demo2" finished-at="2025-05-06T09:00:56 IST" duration-ms="1" status="PASS">
          <params>
            <param index="0">
              <value>
                <![CDATA[Amrutha]]>
              </value>
            </param>
            <param index="1">
              <value>
                <![CDATA[admin123]]>
              </value>
            </param>
          </params>
          <reporter-output>
          </reporter-output>
        </test-method> <!-- Tester2 -->
        <test-method signature="Tester2(java.lang.String,java.lang.String)[pri:0, instance:Parameterization.DataProvider_Test@543295b0]" started-at="2025-05-06T09:00:56 IST" name="Tester2" data-provider="demo2" finished-at="2025-05-06T09:00:56 IST" duration-ms="1" status="PASS">
          <params>
            <param index="0">
              <value>
                <![CDATA[Modi]]>
              </value>
            </param>
            <param index="1">
              <value>
                <![CDATA[India]]>
              </value>
            </param>
          </params>
          <reporter-output>
          </reporter-output>
        </test-method> <!-- Tester2 -->
      </class> <!-- Parameterization.DataProvider_Test -->
    </test> <!-- Default test -->
  </suite> <!-- Default suite -->
</testng-results>
